<?xml version="1.0" encoding="UTF-8"?>
<!-- Generated by org.testng.reporters.JUnitReportReporter -->
<testsuite skipped="0" hostname="RAYFAMILY" name="runTest.RunBrowseSearchTest" tests="1" failures="0" timestamp="2020-05-09T22:48:34 BST" time="58.204" errors="0">
  <testcase name="runCukes" time="58.204" classname="runTest.RunBrowseSearchTest"/>
  <system-out/>
</testsuite> <!-- runTest.RunBrowseSearchTest -->
